TN:
SF:dist/src/main.js
FN:2,__importDefault
FN:11,App
FN:16,getInstance
FN:22,listen
FNF:4
FNH:4
FNDA:2,__importDefault
FNDA:1,App
FNDA:2,getInstance
FNDA:1,listen
DA:1,1
DA:2,1
DA:3,2
DA:4,1
DA:5,1
DA:6,1
DA:7,1
DA:8,1
DA:9,1
DA:10,1
DA:11,1
DA:12,1
DA:13,1
DA:14,1
DA:15,1
DA:16,1
DA:17,2
DA:18,1
DA:19,1
DA:20,2
DA:21,2
DA:22,1
DA:23,1
DA:24,0
DA:25,1
DA:26,1
DA:27,1
DA:28,1
DA:29,1
LF:29
LH:28
BRDA:1,0,0,1
BRDA:2,1,0,2
BRDA:3,2,0,0
BRDA:11,3,0,1
BRDA:13,4,0,0
BRDA:16,5,0,2
BRDA:17,6,0,1
BRDA:22,7,0,1
BRF:8
BRH:6
end_of_record
TN:
SF:src/database/data-source.ts
FNF:0
FNH:0
DA:1,1
DA:2,1
DA:3,1
DA:4,1
DA:5,1
DA:6,1
DA:7,1
DA:8,1
DA:9,1
DA:10,1
DA:11,1
DA:12,1
DA:13,1
DA:14,1
DA:15,1
DA:16,1
DA:17,1
DA:18,1
DA:19,1
DA:20,1
LF:20
LH:20
BRDA:10,0,0,0
BRDA:11,1,0,0
BRDA:12,2,0,0
BRDA:13,3,0,0
BRDA:14,4,0,0
BRF:5
BRH:0
end_of_record
TN:
SF:src/database/entities/User.ts
FNF:0
FNH:0
DA:1,1
DA:2,1
DA:3,1
DA:4,1
DA:5,1
DA:6,1
DA:7,1
DA:8,1
DA:9,1
DA:10,1
DA:11,1
DA:12,1
DA:13,1
DA:14,1
DA:15,1
DA:16,1
DA:17,1
DA:18,1
DA:19,1
DA:20,1
DA:21,1
DA:22,1
DA:23,1
DA:24,1
DA:25,1
DA:26,1
DA:27,1
DA:28,1
DA:29,1
DA:30,1
DA:31,1
DA:32,1
DA:33,1
DA:34,1
DA:35,1
DA:36,1
DA:37,1
DA:38,1
DA:39,1
DA:40,1
DA:41,1
DA:42,1
DA:43,1
DA:44,1
DA:45,1
DA:46,1
DA:47,1
DA:48,1
DA:49,1
DA:50,1
DA:51,1
DA:52,1
LF:52
LH:52
BRF:0
BRH:0
end_of_record
TN:
SF:src/database/migrations/1749747444548-CreateUserTable.ts
FN:4,up
FN:97,down
FNF:2
FNH:0
FNDA:0,up
FNDA:0,down
DA:1,1
DA:2,1
DA:3,1
DA:4,1
DA:5,0
DA:6,0
DA:7,0
DA:8,0
DA:9,0
DA:10,0
DA:11,0
DA:12,0
DA:13,0
DA:14,0
DA:15,0
DA:16,0
DA:17,0
DA:18,0
DA:19,0
DA:20,0
DA:21,0
DA:22,0
DA:23,0
DA:24,0
DA:25,0
DA:26,0
DA:27,0
DA:28,0
DA:29,0
DA:30,0
DA:31,0
DA:32,0
DA:33,0
DA:34,0
DA:35,0
DA:36,0
DA:37,0
DA:38,0
DA:39,0
DA:40,0
DA:41,0
DA:42,0
DA:43,0
DA:44,0
DA:45,0
DA:46,0
DA:47,0
DA:48,0
DA:49,0
DA:50,0
DA:51,0
DA:52,0
DA:53,0
DA:54,0
DA:55,0
DA:56,0
DA:57,0
DA:58,0
DA:59,0
DA:60,0
DA:61,0
DA:62,0
DA:63,0
DA:64,0
DA:65,0
DA:66,0
DA:67,0
DA:68,0
DA:69,0
DA:70,0
DA:71,0
DA:72,0
DA:73,0
DA:74,0
DA:75,0
DA:76,0
DA:77,0
DA:78,0
DA:79,0
DA:80,0
DA:81,0
DA:82,0
DA:83,0
DA:84,0
DA:85,0
DA:86,0
DA:87,0
DA:88,0
DA:89,0
DA:90,0
DA:91,0
DA:92,0
DA:93,0
DA:94,0
DA:95,0
DA:96,1
DA:97,1
DA:98,0
DA:99,0
DA:100,1
DA:101,1
LF:101
LH:8
BRF:0
BRH:0
end_of_record
TN:
SF:src/repositories/UserRepository.ts
FN:12,findAll
FN:15,findById
FN:19,findByEmail
FN:23,create
FN:27,update
FN:31,delete
FNF:6
FNH:0
FNDA:0,findAll
FNDA:0,findById
FNDA:0,findByEmail
FNDA:0,create
FNDA:0,update
FNDA:0,delete
DA:1,1
DA:2,1
DA:3,1
DA:4,1
DA:5,1
DA:6,1
DA:7,1
DA:8,1
DA:9,1
DA:10,1
DA:11,1
DA:12,1
DA:13,0
DA:14,0
DA:15,1
DA:16,0
DA:17,0
DA:18,1
DA:19,1
DA:20,0
DA:21,0
DA:22,1
DA:23,1
DA:24,0
DA:25,0
DA:26,1
DA:27,1
DA:28,0
DA:29,0
DA:30,1
DA:31,1
DA:32,0
DA:33,0
DA:34,1
LF:34
LH:22
BRF:0
BRH:0
end_of_record
TN:
SF:src/services/UserServices.ts
FN:8,UserServices
FN:11,findAll
FN:15,findById
FN:19,findByEmail
FN:23,create
FN:27,update
FN:31,delete
FNF:7
FNH:2
FNDA:1,UserServices
FNDA:1,findAll
FNDA:0,findById
FNDA:0,findByEmail
FNDA:0,create
FNDA:0,update
FNDA:0,delete
DA:1,1
DA:2,1
DA:3,1
DA:4,1
DA:5,1
DA:6,1
DA:7,1
DA:8,1
DA:9,1
DA:10,1
DA:11,1
DA:12,1
DA:13,1
DA:14,1
DA:15,1
DA:16,0
DA:17,0
DA:18,1
DA:19,1
DA:20,0
DA:21,0
DA:22,1
DA:23,1
DA:24,0
DA:25,0
DA:26,1
DA:27,1
DA:28,0
DA:29,0
DA:30,1
DA:31,1
DA:32,0
DA:33,0
DA:34,1
LF:34
LH:24
BRDA:8,0,0,1
BRDA:11,1,0,1
BRF:2
BRH:2
end_of_record
